Symbol range map extraction starting
Processing 95 files
processing com\palechip\hudpixelmod\HudPixelMod.java
processing com\palechip\hudpixelmod\HudPixelProperties.java
processing com\palechip\hudpixelmod\HudPixelRenderer.java
processing com\palechip\hudpixelmod\WarlordsCTFCrashPrevention.java
processing com\palechip\hudpixelmod\api\interaction\ApiKeyHandler.java
processing com\palechip\hudpixelmod\api\interaction\Queue.java
processing com\palechip\hudpixelmod\api\interaction\QueueEntry.java
processing com\palechip\hudpixelmod\api\interaction\callbacks\ApiKeyLoadedCallback.java
processing com\palechip\hudpixelmod\api\interaction\callbacks\BoosterResponseCallback.java
processing com\palechip\hudpixelmod\api\interaction\callbacks\FriendResponseCallback.java
processing com\palechip\hudpixelmod\api\interaction\callbacks\PlayerResponseCallback.java
processing com\palechip\hudpixelmod\api\interaction\callbacks\SessionResponseCallback.java
processing com\palechip\hudpixelmod\api\interaction\representations\Booster.java
processing com\palechip\hudpixelmod\api\interaction\representations\Friend.java
processing com\palechip\hudpixelmod\api\interaction\representations\Player.java
processing com\palechip\hudpixelmod\api\interaction\representations\Session.java
processing com\palechip\hudpixelmod\chat\BoosterQueueCommandParser.java
processing com\palechip\hudpixelmod\chat\WarlordsDamageChatFilter.java
processing com\palechip\hudpixelmod\components\AfterStatsComponent.java
processing com\palechip\hudpixelmod\components\BlitzDeathmatchNotifier.java
processing com\palechip\hudpixelmod\components\BlitzStarTracker.java
processing com\palechip\hudpixelmod\components\CoinCounterComponent.java
processing com\palechip\hudpixelmod\components\IComponent.java
processing com\palechip\hudpixelmod\components\KillstreakTracker.java
processing com\palechip\hudpixelmod\components\MegaWallsKillCounter.java
processing com\palechip\hudpixelmod\components\PaintballKillstreakTracker.java
processing com\palechip\hudpixelmod\components\TimerComponent.java
processing com\palechip\hudpixelmod\components\TkrTimer.java
processing com\palechip\hudpixelmod\components\VampireZBalanceComponent.java
processing com\palechip\hudpixelmod\components\WallsKillCounter.java
processing com\palechip\hudpixelmod\components\WarlordsDamageAndHealingCounter.java
processing com\palechip\hudpixelmod\config\FancyConfigElement.java
processing com\palechip\hudpixelmod\config\HudPixelConfig.java
processing com\palechip\hudpixelmod\config\HudPixelConfigGui.java
processing com\palechip\hudpixelmod\config\HudPixelGuiFactory.java
processing com\palechip\hudpixelmod\detectors\GameDetector.java
processing com\palechip\hudpixelmod\detectors\GameStartStopDetector.java
processing com\palechip\hudpixelmod\detectors\HypixelNetworkDetector.java
processing com\palechip\hudpixelmod\extended\HudPixelExtended.java
processing com\palechip\hudpixelmod\extended\HudPixelExtendedEventHandler.java
processing com\palechip\hudpixelmod\extended\configuration\Config.java
processing com\palechip\hudpixelmod\extended\detectors\GameLobbyDetector.java
processing com\palechip\hudpixelmod\extended\fancychat\FancyChat.java
processing com\palechip\hudpixelmod\extended\fancychat\FancyChatFilter.java
processing com\palechip\hudpixelmod\extended\fancychat\FancyChatObject.java
processing com\palechip\hudpixelmod\extended\newcomponents\FpsComponent.java
processing com\palechip\hudpixelmod\extended\newcomponents\PingComponent.java
processing com\palechip\hudpixelmod\extended\onlinefriends\OnlineFriend.java
processing com\palechip\hudpixelmod\extended\onlinefriends\OnlineFriendManager.java
processing com\palechip\hudpixelmod\extended\onlinefriends\OnlineFriendsUpdater.java
processing com\palechip\hudpixelmod\extended\statsviewer\StatsViewerManager.java
processing com\palechip\hudpixelmod\extended\statsviewer\StatsViewerRender.java
processing com\palechip\hudpixelmod\extended\statsviewer\gamemodes\WarlordsStatsViewer.java
processing com\palechip\hudpixelmod\extended\statsviewer\gamemodes\nullStatsViewerI.java
processing com\palechip\hudpixelmod\extended\statsviewer\msc\IGameStatsViewer.java
processing com\palechip\hudpixelmod\extended\statsviewer\msc\StatsCache.java
processing com\palechip\hudpixelmod\extended\statsviewer\msc\StatsViewerFactory.java
processing com\palechip\hudpixelmod\extended\util\LoggerHelper.java
processing com\palechip\hudpixelmod\extended\util\McColorHelper.java
processing com\palechip\hudpixelmod\extended\util\MessageBuffer.java
processing com\palechip\hudpixelmod\extended\util\RenderUtils.java
processing com\palechip\hudpixelmod\extended\util\SoundManager.java
processing com\palechip\hudpixelmod\games\ComponentInstanceConfiguration.java
processing com\palechip\hudpixelmod\games\ComponentsManager.java
processing com\palechip\hudpixelmod\games\Game.java
processing com\palechip\hudpixelmod\games\GameConfiguration.java
processing com\palechip\hudpixelmod\games\GameManager.java
processing com\palechip\hudpixelmod\gui\BoosterDisplay.java
processing com\palechip\hudpixelmod\stats\BlitzStatsDisplayer.java
processing com\palechip\hudpixelmod\stats\StatsDisplayer.java
processing com\palechip\hudpixelmod\uptodate\HudPixelDeactivatedException.java
processing com\palechip\hudpixelmod\uptodate\UpToDateThread.java
processing com\palechip\hudpixelmod\uptodate\UpdateChannel.java
processing com\palechip\hudpixelmod\uptodate\UpdateInformation.java
processing com\palechip\hudpixelmod\uptodate\UpdateNotifier.java
processing com\palechip\hudpixelmod\uptodate\VersionInformation.java
processing com\palechip\hudpixelmod\util\ChatMessageComposer.java
processing com\palechip\hudpixelmod\util\GameType.java
processing com\palechip\hudpixelmod\util\MultiLineCommandParser.java
processing com\palechip\hudpixelmod\util\ScoreboardReader.java
processing com\palechip\hudpixelmod\util\UuidHelper.java
processing net\hypixel\api\HypixelAPI.java
processing net\hypixel\api\http\HTTPClient.java
processing net\hypixel\api\reply\AbstractReply.java
processing net\hypixel\api\reply\BoostersReply.java
processing net\hypixel\api\reply\FindGuildReply.java
processing net\hypixel\api\reply\FriendsReply.java
processing net\hypixel\api\reply\GuildReply.java
processing net\hypixel\api\reply\KeyReply.java
processing net\hypixel\api\reply\PlayerReply.java
processing net\hypixel\api\reply\SessionReply.java
processing net\hypixel\api\util\APIThrottleException.java
processing net\hypixel\api\util\APIUtil.java
processing net\hypixel\api\util\Callback.java
processing net\hypixel\api\util\HypixelAPIException.java
